2026-03-11 05:54:35.218: [INFO] VisibilityChanged: 0
2026-03-11 05:54:35.258: [INFO] RecordSyncInitDuration has_sync_been_enabled: 0 state: 0
2026-03-11 05:54:35.259: [INFO] RecordSyncInitDuration has_sync_been_enabled: 0 state: 0
2026-03-11 05:54:35.259: [INFO] RecordSyncInitDuration has_sync_been_enabled: 0 state: 0
2026-03-11 05:54:35.260: [INFO] RecordSyncInitDuration has_sync_been_enabled: 0 state: 0
2026-03-11 05:54:35.260: [INFO] RecordSyncInitDuration has_sync_been_enabled: 0 state: 0
2026-03-11 05:54:35.261: [INFO] RecordSyncInitDuration has_sync_been_enabled: 0 state: 0
2026-03-11 05:54:35.261: [INFO] RecordSyncInitDuration has_sync_been_enabled: 0 state: 0
2026-03-11 05:54:35.262: [INFO] RecordSyncInitDuration has_sync_been_enabled: 0 state: 0
2026-03-11 05:54:35.262: [INFO] RecordSyncInitDuration has_sync_been_enabled: 0 state: 0
2026-03-11 05:54:35.263: [INFO] RecordSyncInitDuration has_sync_been_enabled: 0 state: 0
2026-03-11 05:54:35.264: [INFO] RecordSyncInitDuration has_sync_been_enabled: 0 state: 0
2026-03-11 05:54:35.264: [INFO] RecordSyncInitDuration has_sync_been_enabled: 0 state: 0
2026-03-11 05:54:35.275: [INFO] BookmarkModelLoaded, ids_reassigned: 0
2026-03-11 05:54:35.275: [INFO] OnDoneLoading sync enabled: 0
2026-03-11 05:54:35.375: [INFO] RecordSyncInitDuration has_sync_been_enabled: 0 state: 0
2026-03-11 05:54:38.025: [INFO] RecordSyncInitDuration has_sync_been_enabled: 0 state: 3
2026-03-11 05:54:38.033: [INFO] Primary account changed.
2026-03-11 05:54:38.033: [INFO] OnPrimaryAccountChanged PrimaryAccountChangeEvent::Type::kSet
2026-03-11 05:54:38.035: [INFO] RecordSyncInitDuration has_sync_been_enabled: 0 state: 3
2026-03-11 05:54:38.072: [INFO] RecordSyncInitDuration has_sync_been_enabled: 0 state: 3
2026-03-11 05:54:41.405: [INFO] VisibilityChanged: 1
2026-03-11 05:54:41.666: [INFO] BookmarkNodeAdded, ABU: 0
2026-03-11 05:54:41.667: [INFO] BookmarkNodeAdded, ABU: 0
2026-03-11 05:54:41.667: [INFO] BookmarkNodeAdded, ABU: 0
2026-03-11 05:54:41.668: [INFO] BookmarkNodeAdded, ABU: 0
2026-03-11 05:54:41.668: [INFO] BookmarkNodeAdded, ABU: 0
2026-03-11 05:54:41.669: [INFO] BookmarkNodeAdded, ABU: 0
2026-03-11 05:54:41.669: [INFO] BookmarkNodeAdded, ABU: 0
2026-03-11 05:54:41.669: [INFO] BookmarkNodeAdded, ABU: 0
2026-03-11 05:54:41.670: [INFO] BookmarkNodeAdded, ABU: 0
2026-03-11 05:54:41.670: [INFO] BookmarkNodeAdded, ABU: 0
2026-03-11 05:54:41.670: [INFO] BookmarkNodeAdded, ABU: 0
2026-03-11 05:54:41.671: [INFO] BookmarkNodeAdded, ABU: 0
2026-03-11 05:54:41.671: [INFO] BookmarkNodeAdded, ABU: 0
2026-03-11 05:54:41.672: [INFO] BookmarkNodeAdded, ABU: 0
2026-03-11 05:54:41.672: [INFO] BookmarkNodeAdded, ABU: 0
2026-03-11 05:54:41.672: [INFO] BookmarkNodeAdded, ABU: 0
2026-03-11 05:54:41.673: [INFO] BookmarkNodeAdded, ABU: 0
2026-03-11 05:54:41.673: [INFO] BookmarkNodeAdded, ABU: 0
2026-03-11 05:54:41.673: [INFO] BookmarkNodeAdded, ABU: 0
2026-03-11 05:54:41.674: [INFO] BookmarkNodeAdded, ABU: 0
2026-03-11 05:54:41.674: [INFO] BookmarkNodeAdded, ABU: 0
2026-03-11 05:54:41.674: [INFO] BookmarkNodeAdded, ABU: 0
2026-03-11 05:54:41.675: [INFO] BookmarkNodeAdded, ABU: 0
2026-03-11 05:54:41.675: [INFO] BookmarkNodeAdded, ABU: 0
2026-03-11 05:54:41.676: [INFO] BookmarkNodeAdded, ABU: 0
2026-03-11 05:54:41.676: [INFO] BookmarkNodeAdded, ABU: 0
2026-03-11 05:54:41.676: [INFO] BookmarkNodeAdded, ABU: 0
2026-03-11 05:54:46.888: [INFO] Sync initialization duration: 8752ms
2026-03-11 06:24:11.376: [INFO] VisibilityChanged: 0
