{"logTime": "0308/045956", "correlationVector":"ysO1vVrlrq6BfXB6cuqwla.1","action":"SyncServerConnectionManagerRequest", "result":"SYNC_SERVER_OK", "context":{"environment":"Prod_southindia_prod-s01-004-apac-southindia", "migrationStage":"NotStarted", "server":"akswtt10200004j"}}
{"logTime": "0308/045958", "correlationVector":"ysO1vVrlrq6BfXB6cuqwla.2","action":"AAD.Mip.Unpack", "result":"Success", "context":MIP_CLOUD_COMMERCIAL:Success}
{"logTime": "0308/045958", "correlationVector":"ysO1vVrlrq6BfXB6cuqwla.3","action":"EncryptionKeysManager::SetEncryptionKeys:", "result":"Success", "context":Key names[2]:[ZVQ7+atVAUOTK13f7fAx1z7Ww1CuxZ+WEmetaocVCMGTFL5AGmj4KShP9J35j01UGrucv57E3Zhhq1eawwxGcg==][lsqEIoRgY969AWtqveq9xG1TcJN2aK07atvJ/KOR5hc1Ess1OYyem8k43tyyF9jw6q0lAVqV5RwniRoUXnCSYg==]}
{"logTime": "0308/045958", "correlationVector":"ysO1vVrlrq6BfXB6cuqwla.4","action":"AAD.GetKeyResponse", "result":"Success", "context":Keys=2.LastKeyStatus=Active. 2025-12-13 09:29:54 +0530.State=None. Tags: Current_encryption_keys_tag = 77+9ETYOZO+/ve+/vUHvv73Kju+/vRlQ77+977+9WQLvv73WhgPvv73vv70Y77+9GO+/vTbYuA==, Updated_current_encryption_keys_tag = Empty. Emails: ["brigilbert@microsoft.com","britto@microsoft.com"]}
{"logTime": "0308/045958", "correlationVector":"ysO1vVrlrq6BfXB6cuqwla.5","action":"ProcessGetUpdates", "result":"Done", "context":{"dataType":"Encryption Keys", "deleted":"0", "process_failed_to_decrypt":"0", "process_pending_decryption":"0", "process_success":"1", "total":"1"}}
{"logTime": "0308/045958", "correlationVector":"ysO1vVrlrq6BfXB6cuqwla","action":"Initial GetUpdates", "result":"", "context":Reason: NEW_CLIENT. cV=ysO1vVrlrq6BfXB6cuqwla}
{"logTime": "0308/045958", "correlationVector":"ysO1vVrlrq6BfXB6cuqwla.6","action":"GetUpdates Response", "result":"Success", "context":Received 1 update(s). cV=ysO1vVrlrq6BfXB6cuqwla.0;server=akswtt10200004j;cloudType=Multitenant;environment=Prod_southindia_prod-s01-004-apac-southindia;migrationStage=NotStarted}
{"logTime": "0308/045958", "correlationVector":"GlhNNfEvztUK7/WUYoUqQ0","action":"Initial GetUpdates", "result":"", "context":Reason: NEW_CLIENT. cV=GlhNNfEvztUK7/WUYoUqQ0}
{"logTime": "0308/045959", "correlationVector":"GlhNNfEvztUK7/WUYoUqQ0.1","action":"SyncServerConnectionManagerRequest", "result":"SYNC_SERVER_OK", "context":{"environment":"Prod_southindia_prod-s01-004-apac-southindia", "migrationStage":"NotStarted", "server":"akswtt10200003s"}}
{"logTime": "0308/045959", "correlationVector":"GlhNNfEvztUK7/WUYoUqQ0.2","action":"ProcessGetUpdates", "result":"Done", "context":{"dataType":"Preferences", "deleted":"0", "process_failed_to_decrypt":"0", "process_pending_decryption":"0", "process_success":"62", "total":"62"}}
{"logTime": "0308/045959", "correlationVector":"GlhNNfEvztUK7/WUYoUqQ0.3","action":"ProcessGetUpdates", "result":"Done", "context":{"dataType":"Passwords", "deleted":"0", "process_failed_to_decrypt":"0", "process_pending_decryption":"0", "process_success":"3", "total":"3"}}
{"logTime": "0308/045959", "correlationVector":"GlhNNfEvztUK7/WUYoUqQ0.4","action":"ProcessGetUpdates", "result":"Done", "context":{"dataType":"Device Info", "deleted":"0", "process_failed_to_decrypt":"0", "process_pending_decryption":"0", "process_success":"14", "total":"14"}}
{"logTime": "0308/045959", "correlationVector":"GlhNNfEvztUK7/WUYoUqQ0.5","action":"GetUpdates Response", "result":"Success", "context":Received 79 update(s). cV=GlhNNfEvztUK7/WUYoUqQ0.0;server=akswtt10200003s;cloudType=Multitenant;environment=Prod_southindia_prod-s01-004-apac-southindia;migrationStage=NotStarted}
{"logTime": "0308/045959", "correlationVector":"ys2HOEzXeLk4tWwHNkUKw8","action":"Initial GetUpdates", "result":"", "context":Reason: NEW_CLIENT. cV=ys2HOEzXeLk4tWwHNkUKw8}
{"logTime": "0308/045959", "correlationVector":"ys2HOEzXeLk4tWwHNkUKw8.1","action":"SyncServerConnectionManagerRequest", "result":"SYNC_SERVER_OK", "context":{"environment":"Prod_southindia_prod-s01-004-apac-southindia", "migrationStage":"NotStarted", "server":"akswtt10200002d"}}
{"logTime": "0308/045959", "correlationVector":"ys2HOEzXeLk4tWwHNkUKw8.2","action":"ProcessGetUpdates", "result":"Done", "context":{"dataType":"Bookmarks", "deleted":"0", "process_failed_to_decrypt":"0", "process_pending_decryption":"0", "process_success":"33", "total":"33"}}
{"logTime": "0308/045959", "correlationVector":"ys2HOEzXeLk4tWwHNkUKw8.3","action":"GetUpdates Response", "result":"Success", "context":Received 33 update(s). cV=ys2HOEzXeLk4tWwHNkUKw8.0;server=akswtt10200002d;cloudType=Multitenant;environment=Prod_southindia_prod-s01-004-apac-southindia;migrationStage=NotStarted}
{"logTime": "0308/045959", "correlationVector":"GCQt7jkuYjLdNd7OhQrVyB","action":"Initial GetUpdates", "result":"", "context":Reason: NEW_CLIENT. cV=GCQt7jkuYjLdNd7OhQrVyB}
{"logTime": "0308/050000", "correlationVector":"GCQt7jkuYjLdNd7OhQrVyB.1","action":"SyncServerConnectionManagerRequest", "result":"SYNC_SERVER_OK", "context":{"environment":"Prod_southindia_prod-s01-004-apac-southindia", "migrationStage":"NotStarted", "server":"akswtt10200004j"}}
{"logTime": "0308/050000", "correlationVector":"GCQt7jkuYjLdNd7OhQrVyB.2","action":"ProcessGetUpdates", "result":"Done", "context":{"dataType":"Autofill", "deleted":"0", "process_failed_to_decrypt":"0", "process_pending_decryption":"0", "process_success":"1", "total":"1"}}
{"logTime": "0308/050000", "correlationVector":"GCQt7jkuYjLdNd7OhQrVyB.3","action":"ProcessGetUpdates", "result":"Done", "context":{"dataType":"Edge Hub App Usage", "deleted":"0", "process_failed_to_decrypt":"0", "process_pending_decryption":"0", "process_success":"1", "total":"1"}}
{"logTime": "0308/050000", "correlationVector":"GCQt7jkuYjLdNd7OhQrVyB.4","action":"GetUpdates Response", "result":"Success", "context":Received 2 update(s). cV=GCQt7jkuYjLdNd7OhQrVyB.0;server=akswtt10200004j;cloudType=Multitenant;environment=Prod_southindia_prod-s01-004-apac-southindia;migrationStage=NotStarted Some updates remain.}
{"logTime": "0308/050000", "correlationVector":"cxp4hz+V+4h5v0rUJoqqBB","action":"Initial GetUpdates", "result":"", "context":Reason: NEW_CLIENT. cV=cxp4hz+V+4h5v0rUJoqqBB}
{"logTime": "0308/050003", "correlationVector":"cxp4hz+V+4h5v0rUJoqqBB.1","action":"SyncServerConnectionManagerRequest", "result":"SYNC_SERVER_OK", "context":{"environment":"Prod_southindia_prod-s01-004-apac-southindia", "migrationStage":"NotStarted", "server":"akswtt10200002c"}}
{"logTime": "0308/050003", "correlationVector":"cxp4hz+V+4h5v0rUJoqqBB.2","action":"ProcessGetUpdates", "result":"Done", "context":{"dataType":"Edge Hub App Usage", "deleted":"0", "process_failed_to_decrypt":"0", "process_pending_decryption":"0", "process_success":"11", "total":"11"}}
{"logTime": "0308/050003", "correlationVector":"cxp4hz+V+4h5v0rUJoqqBB.3","action":"GetUpdates Response", "result":"Success", "context":Received 11 update(s). cV=cxp4hz+V+4h5v0rUJoqqBB.0;server=akswtt10200002c;cloudType=Multitenant;environment=Prod_southindia_prod-s01-004-apac-southindia;migrationStage=NotStarted Some updates remain.}
{"logTime": "0308/050003", "correlationVector":"wTmjHpaNNi12OQnWa9mw6b","action":"Initial GetUpdates", "result":"", "context":Reason: NEW_CLIENT. cV=wTmjHpaNNi12OQnWa9mw6b}
{"logTime": "0308/050004", "correlationVector":"wTmjHpaNNi12OQnWa9mw6b.1","action":"SyncServerConnectionManagerRequest", "result":"SYNC_SERVER_OK", "context":{"environment":"Prod_southindia_prod-s01-004-apac-southindia", "migrationStage":"NotStarted", "server":"akswtt10200004i"}}
{"logTime": "0308/050004", "correlationVector":"wTmjHpaNNi12OQnWa9mw6b.2","action":"ProcessGetUpdates", "result":"Done", "context":{"dataType":"Edge Hub App Usage", "deleted":"0", "process_failed_to_decrypt":"0", "process_pending_decryption":"0", "process_success":"1", "total":"1"}}
{"logTime": "0308/050004", "correlationVector":"wTmjHpaNNi12OQnWa9mw6b.3","action":"GetUpdates Response", "result":"Success", "context":Received 1 update(s). cV=wTmjHpaNNi12OQnWa9mw6b.0;server=akswtt10200004i;cloudType=Multitenant;environment=Prod_southindia_prod-s01-004-apac-southindia;migrationStage=NotStarted Some updates remain.}
{"logTime": "0308/050004", "correlationVector":"BUEHk8rpNf+BttoVrTyNm6","action":"Initial GetUpdates", "result":"", "context":Reason: NEW_CLIENT. cV=BUEHk8rpNf+BttoVrTyNm6}
{"logTime": "0308/050005", "correlationVector":"BUEHk8rpNf+BttoVrTyNm6.1","action":"SyncServerConnectionManagerRequest", "result":"SYNC_SERVER_OK", "context":{"environment":"Prod_southindia_prod-s01-004-apac-southindia", "migrationStage":"NotStarted", "server":"akswtt102000042"}}
{"logTime": "0308/050005", "correlationVector":"BUEHk8rpNf+BttoVrTyNm6.2","action":"ProcessGetUpdates", "result":"Done", "context":{"dataType":"Edge Hub App Usage", "deleted":"0", "process_failed_to_decrypt":"0", "process_pending_decryption":"0", "process_success":"4", "total":"4"}}
{"logTime": "0308/050005", "correlationVector":"BUEHk8rpNf+BttoVrTyNm6.3","action":"GetUpdates Response", "result":"Success", "context":Received 4 update(s). cV=BUEHk8rpNf+BttoVrTyNm6.0;server=akswtt102000042;cloudType=Multitenant;environment=Prod_southindia_prod-s01-004-apac-southindia;migrationStage=NotStarted Some updates remain.}
{"logTime": "0308/050005", "correlationVector":"kD7XmRDb/NSDF5QhoEoRue","action":"Initial GetUpdates", "result":"", "context":Reason: NEW_CLIENT. cV=kD7XmRDb/NSDF5QhoEoRue}
{"logTime": "0308/050006", "correlationVector":"kD7XmRDb/NSDF5QhoEoRue.1","action":"SyncServerConnectionManagerRequest", "result":"SYNC_SERVER_OK", "context":{"environment":"Prod_southindia_prod-s01-004-apac-southindia", "migrationStage":"NotStarted", "server":"akswtt10200004c"}}
{"logTime": "0308/050006", "correlationVector":"kD7XmRDb/NSDF5QhoEoRue.2","action":"ProcessGetUpdates", "result":"Done", "context":{"dataType":"History Delete Directives", "deleted":"0", "process_failed_to_decrypt":"0", "process_pending_decryption":"0", "process_success":"1", "total":"1"}}
{"logTime": "0308/050006", "correlationVector":"kD7XmRDb/NSDF5QhoEoRue.3","action":"GetUpdates Response", "result":"Success", "context":Received 1 update(s). cV=kD7XmRDb/NSDF5QhoEoRue.0;server=akswtt10200004c;cloudType=Multitenant;environment=Prod_southindia_prod-s01-004-apac-southindia;migrationStage=NotStarted Some updates remain.}
{"logTime": "0308/050006", "correlationVector":"EF1JyorS0NJIx1g9bi2keq","action":"Initial GetUpdates", "result":"", "context":Reason: NEW_CLIENT. cV=EF1JyorS0NJIx1g9bi2keq}
{"logTime": "0308/050007", "correlationVector":"EF1JyorS0NJIx1g9bi2keq.1","action":"SyncServerConnectionManagerRequest", "result":"SYNC_SERVER_OK", "context":{"environment":"Prod_southindia_prod-s01-004-apac-southindia", "migrationStage":"NotStarted", "server":"akswtt10200004c"}}
{"logTime": "0308/050007", "correlationVector":"EF1JyorS0NJIx1g9bi2keq.2","action":"ProcessGetUpdates", "result":"Done", "context":{"dataType":"Sessions", "deleted":"0", "process_failed_to_decrypt":"0", "process_pending_decryption":"0", "process_success":"6", "total":"6"}}
{"logTime": "0308/050007", "correlationVector":"EF1JyorS0NJIx1g9bi2keq.3","action":"GetUpdates Response", "result":"Success", "context":Received 6 update(s). cV=EF1JyorS0NJIx1g9bi2keq.0;server=akswtt10200004c;cloudType=Multitenant;environment=Prod_southindia_prod-s01-004-apac-southindia;migrationStage=NotStarted}
{"logTime": "0308/050007", "correlationVector":"99MXT6IgUjH8CzNraSaX7D","action":"Initial GetUpdates", "result":"", "context":Reason: NEW_CLIENT. cV=99MXT6IgUjH8CzNraSaX7D}
{"logTime": "0308/050014", "correlationVector":"99MXT6IgUjH8CzNraSaX7D.1","action":"SyncServerConnectionManagerRequest", "result":"SYNC_SERVER_OK", "context":{"environment":"Prod_southindia_prod-s01-004-apac-southindia", "migrationStage":"NotStarted", "server":"akswtt10200003x"}}
{"logTime": "0308/050014", "correlationVector":"99MXT6IgUjH8CzNraSaX7D.2","action":"ProcessGetUpdates", "result":"Done", "context":{"dataType":"History", "deleted":"0", "process_failed_to_decrypt":"0", "process_pending_decryption":"0", "process_success":"192", "total":"192"}}
{"logTime": "0308/050014", "correlationVector":"99MXT6IgUjH8CzNraSaX7D.3","action":"GetUpdates Response", "result":"Success", "context":Received 192 update(s). cV=99MXT6IgUjH8CzNraSaX7D.0;server=akswtt10200003x;cloudType=Multitenant;environment=Prod_southindia_prod-s01-004-apac-southindia;migrationStage=NotStarted Some updates remain.}
{"logTime": "0308/050014", "correlationVector":"+RspuRjJhhfzNhQSVAe+Y4","action":"Initial GetUpdates", "result":"", "context":Reason: NEW_CLIENT. cV=+RspuRjJhhfzNhQSVAe+Y4}
{"logTime": "0308/050014", "correlationVector":"+RspuRjJhhfzNhQSVAe+Y4.1","action":"SyncServerConnectionManagerRequest", "result":"SYNC_SERVER_OK", "context":{"environment":"Prod_southindia_prod-s01-004-apac-southindia", "migrationStage":"NotStarted", "server":"akswtt10200003w"}}
{"logTime": "0308/050014", "correlationVector":"+RspuRjJhhfzNhQSVAe+Y4.2","action":"ProcessGetUpdates", "result":"Done", "context":{"dataType":"History", "deleted":"0", "process_failed_to_decrypt":"0", "process_pending_decryption":"0", "process_success":"250", "total":"250"}}
{"logTime": "0308/050014", "correlationVector":"+RspuRjJhhfzNhQSVAe+Y4.3","action":"GetUpdates Response", "result":"Success", "context":Received 250 update(s). cV=+RspuRjJhhfzNhQSVAe+Y4.0;server=akswtt10200003w;cloudType=Multitenant;environment=Prod_southindia_prod-s01-004-apac-southindia;migrationStage=NotStarted Some updates remain.}
{"logTime": "0308/050014", "correlationVector":"41uaox6lXbKwW5SS5VdeUp","action":"Initial GetUpdates", "result":"", "context":Reason: NEW_CLIENT. cV=41uaox6lXbKwW5SS5VdeUp}
{"logTime": "0308/050017", "correlationVector":"41uaox6lXbKwW5SS5VdeUp.1","action":"SyncServerConnectionManagerRequest", "result":"SYNC_SERVER_OK", "context":{"environment":"Prod_southindia_prod-s01-004-apac-southindia", "migrationStage":"NotStarted", "server":"akswtt10200002p"}}
{"logTime": "0308/050017", "correlationVector":"41uaox6lXbKwW5SS5VdeUp.2","action":"ProcessGetUpdates", "result":"Done", "context":{"dataType":"History", "deleted":"0", "process_failed_to_decrypt":"0", "process_pending_decryption":"0", "process_success":"250", "total":"250"}}
{"logTime": "0308/050017", "correlationVector":"41uaox6lXbKwW5SS5VdeUp.3","action":"GetUpdates Response", "result":"Success", "context":Received 250 update(s). cV=41uaox6lXbKwW5SS5VdeUp.0;server=akswtt10200002p;cloudType=Multitenant;environment=Prod_southindia_prod-s01-004-apac-southindia;migrationStage=NotStarted Some updates remain.}
{"logTime": "0308/050017", "correlationVector":"SNFdsjhJhCdxmH43B+lrbl","action":"Initial GetUpdates", "result":"", "context":Reason: NEW_CLIENT. cV=SNFdsjhJhCdxmH43B+lrbl}
{"logTime": "0308/050018", "correlationVector":"SNFdsjhJhCdxmH43B+lrbl.1","action":"SyncServerConnectionManagerRequest", "result":"SYNC_SERVER_OK", "context":{"environment":"Prod_southindia_prod-s01-004-apac-southindia", "migrationStage":"NotStarted", "server":"akswtt10200004c"}}
{"logTime": "0308/050018", "correlationVector":"SNFdsjhJhCdxmH43B+lrbl.2","action":"ProcessGetUpdates", "result":"Done", "context":{"dataType":"History", "deleted":"0", "process_failed_to_decrypt":"0", "process_pending_decryption":"0", "process_success":"250", "total":"250"}}
{"logTime": "0308/050018", "correlationVector":"SNFdsjhJhCdxmH43B+lrbl.3","action":"GetUpdates Response", "result":"Success", "context":Received 250 update(s). cV=SNFdsjhJhCdxmH43B+lrbl.0;server=akswtt10200004c;cloudType=Multitenant;environment=Prod_southindia_prod-s01-004-apac-southindia;migrationStage=NotStarted Some updates remain.}
{"logTime": "0308/050018", "correlationVector":"ZjEUA7mHo4aYm/ARI0G+xd","action":"Initial GetUpdates", "result":"", "context":Reason: NEW_CLIENT. cV=ZjEUA7mHo4aYm/ARI0G+xd}
{"logTime": "0308/050019", "correlationVector":"ZjEUA7mHo4aYm/ARI0G+xd.1","action":"SyncServerConnectionManagerRequest", "result":"SYNC_SERVER_OK", "context":{"environment":"Prod_southindia_prod-s01-004-apac-southindia", "migrationStage":"NotStarted", "server":"akswtt10200002d"}}
{"logTime": "0308/050019", "correlationVector":"ZjEUA7mHo4aYm/ARI0G+xd.2","action":"ProcessGetUpdates", "result":"Done", "context":{"dataType":"History", "deleted":"0", "process_failed_to_decrypt":"0", "process_pending_decryption":"0", "process_success":"250", "total":"250"}}
{"logTime": "0308/050019", "correlationVector":"ZjEUA7mHo4aYm/ARI0G+xd.3","action":"GetUpdates Response", "result":"Success", "context":Received 250 update(s). cV=ZjEUA7mHo4aYm/ARI0G+xd.0;server=akswtt10200002d;cloudType=Multitenant;environment=Prod_southindia_prod-s01-004-apac-southindia;migrationStage=NotStarted Some updates remain.}
{"logTime": "0308/050019", "correlationVector":"f8K5/T5RBwqgAWdZp7fa0R","action":"Initial GetUpdates", "result":"", "context":Reason: NEW_CLIENT. cV=f8K5/T5RBwqgAWdZp7fa0R}
{"logTime": "0308/050019", "correlationVector":"f8K5/T5RBwqgAWdZp7fa0R.1","action":"SyncServerConnectionManagerRequest", "result":"SYNC_SERVER_OK", "context":{"environment":"Prod_southindia_prod-s01-004-apac-southindia", "migrationStage":"NotStarted", "server":"akswtt10200002e"}}
{"logTime": "0308/050019", "correlationVector":"f8K5/T5RBwqgAWdZp7fa0R.2","action":"ProcessGetUpdates", "result":"Done", "context":{"dataType":"History", "deleted":"0", "process_failed_to_decrypt":"0", "process_pending_decryption":"0", "process_success":"227", "total":"227"}}
{"logTime": "0308/050019", "correlationVector":"f8K5/T5RBwqgAWdZp7fa0R.3","action":"GetUpdates Response", "result":"Success", "context":Received 227 update(s). cV=f8K5/T5RBwqgAWdZp7fa0R.0;server=akswtt10200002e;cloudType=Multitenant;environment=Prod_southindia_prod-s01-004-apac-southindia;migrationStage=NotStarted}
{"logTime": "0308/050019", "correlationVector":"ho/+oyDbDc4LhRse4TvBi+","action":"Normal GetUpdate request", "result":"", "context":cV=ho/+oyDbDc4LhRse4TvBi+
Nudged types: Preferences, Passwords, Sessions, Device Info, User Consents, History
Refresh requested types: Bookmarks, Preferences, Passwords, Autofill Profiles, Autofill, Sessions, History Delete Directives, Device Info, User Consents, Send Tab To Self, Web Apps, History, Saved Tab Group, WebAuthn Credentials, Collection, Edge E Drop, Edge Hub App Usage, Edge Wallet, Edge Workspace, Encryption Keys}
{"logTime": "0308/050019", "correlationVector":"ho/+oyDbDc4LhRse4TvBi+.1","action":"SyncServerConnectionManagerRequest", "result":"SYNC_SERVER_OK", "context":{"environment":"Prod_southindia_prod-s01-004-apac-southindia", "migrationStage":"NotStarted", "server":"akswtt10200002d"}}
{"logTime": "0308/050019", "correlationVector":"ho/+oyDbDc4LhRse4TvBi+.2","action":"GetUpdates Response", "result":"Success", "context":Received 0 update(s). cV=ho/+oyDbDc4LhRse4TvBi+.0;server=akswtt10200002d;cloudType=Multitenant;environment=Prod_southindia_prod-s01-004-apac-southindia;migrationStage=NotStarted}
{"logTime": "0308/050019", "correlationVector":"4v4e6fQWhF4KENlSPzPs/M","action":"Commit Request", "result":"", "context":Item count: 10
Contributing types: Preferences, Passwords, Sessions, Device Info, User Consents, History}
{"logTime": "0308/050020", "correlationVector":"4v4e6fQWhF4KENlSPzPs/M.1","action":"SyncServerConnectionManagerRequest", "result":"SYNC_SERVER_OK", "context":{"environment":"Prod_southindia_prod-s01-004-apac-southindia", "migrationStage":"NotStarted", "server":"akswtt10200003s"}}
{"logTime": "0308/050020", "correlationVector":"4v4e6fQWhF4KENlSPzPs/M.2","action":"Commit Response", "result":"Success", "context":Result: Success. cV=4v4e6fQWhF4KENlSPzPs/M.0;server=akswtt10200003s;cloudType=Multitenant;environment=Prod_southindia_prod-s01-004-apac-southindia;migrationStage=NotStarted}
{"logTime": "0308/050055", "correlationVector":"djkse5TpE2hPg1cCK1zsQJ","action":"Commit Request", "result":"", "context":Item count: 3
Contributing types: Passwords}
{"logTime": "0308/050056", "correlationVector":"djkse5TpE2hPg1cCK1zsQJ.1","action":"SyncServerConnectionManagerRequest", "result":"SYNC_SERVER_OK", "context":{"environment":"Prod_southindia_prod-s01-004-apac-southindia", "migrationStage":"NotStarted", "server":"akswtt10200004c"}}
{"logTime": "0308/050056", "correlationVector":"djkse5TpE2hPg1cCK1zsQJ.2","action":"Commit Response", "result":"Success", "context":Result: Success. cV=djkse5TpE2hPg1cCK1zsQJ.0;server=akswtt10200004c;cloudType=Multitenant;environment=Prod_southindia_prod-s01-004-apac-southindia;migrationStage=NotStarted}
{"logTime": "0308/050137", "correlationVector":"op0kpy4UUVo4M38gHKRYJ8","action":"Commit Request", "result":"", "context":Item count: 1
Contributing types: User Consents}
{"logTime": "0308/050138", "correlationVector":"op0kpy4UUVo4M38gHKRYJ8.1","action":"SyncServerConnectionManagerRequest", "result":"SYNC_SERVER_OK", "context":{"environment":"Prod_southindia_prod-s01-004-apac-southindia", "migrationStage":"NotStarted", "server":"akswtt102000044"}}
{"logTime": "0308/050138", "correlationVector":"op0kpy4UUVo4M38gHKRYJ8.2","action":"Commit Response", "result":"Success", "context":Result: Success. cV=op0kpy4UUVo4M38gHKRYJ8.0;server=akswtt102000044;cloudType=Multitenant;environment=Prod_southindia_prod-s01-004-apac-southindia;migrationStage=NotStarted}
{"logTime": "0308/070655", "correlationVector":"2ZJ4TDcmqq8FjfthiAFIEw.1","action":"SyncServerConnectionManagerRequest", "result":"SYNC_SERVER_OK", "context":{"environment":"Prod_southindia_prod-s01-004-apac-southindia", "migrationStage":"NotStarted", "server":"akswtt10200003s"}}
{"logTime": "0308/070657", "correlationVector":"2ZJ4TDcmqq8FjfthiAFIEw.2","action":"AAD.Mip.Unpack", "result":"Success", "context":MIP_CLOUD_COMMERCIAL:Success}
{"logTime": "0308/070657", "correlationVector":"2ZJ4TDcmqq8FjfthiAFIEw.3","action":"EncryptionKeysManager::SetEncryptionKeys:", "result":"Success", "context":Key names[2]:[ZVQ7+atVAUOTK13f7fAx1z7Ww1CuxZ+WEmetaocVCMGTFL5AGmj4KShP9J35j01UGrucv57E3Zhhq1eawwxGcg==][lsqEIoRgY969AWtqveq9xG1TcJN2aK07atvJ/KOR5hc1Ess1OYyem8k43tyyF9jw6q0lAVqV5RwniRoUXnCSYg==]}
{"logTime": "0308/070657", "correlationVector":"2ZJ4TDcmqq8FjfthiAFIEw.4","action":"AAD.GetKeyResponse", "result":"Success", "context":Keys=2.LastKeyStatus=Active. 2025-12-13 09:29:54 +0530.State=None. Tags: Current_encryption_keys_tag = 77+9ETYOZO+/ve+/vUHvv73Kju+/vRlQ77+977+9WQLvv73WhgPvv73vv70Y77+9GO+/vTbYuA==, Updated_current_encryption_keys_tag = Empty. Emails: ["brigilbert@microsoft.com","britto@microsoft.com"]}
{"logTime": "0308/070657", "correlationVector":"2ZJ4TDcmqq8FjfthiAFIEw.5","action":"ProcessGetUpdates", "result":"Done", "context":{"dataType":"Encryption Keys", "deleted":"0", "process_failed_to_decrypt":"0", "process_pending_decryption":"0", "process_success":"1", "total":"1"}}
{"logTime": "0308/070657", "correlationVector":"2ZJ4TDcmqq8FjfthiAFIEw","action":"Initial GetUpdates", "result":"", "context":Reason: NEW_CLIENT. cV=2ZJ4TDcmqq8FjfthiAFIEw}
{"logTime": "0308/070657", "correlationVector":"2ZJ4TDcmqq8FjfthiAFIEw.6","action":"GetUpdates Response", "result":"Success", "context":Received 1 update(s). cV=2ZJ4TDcmqq8FjfthiAFIEw.0;server=akswtt10200003s;cloudType=Multitenant;environment=Prod_southindia_prod-s01-004-apac-southindia;migrationStage=NotStarted}
{"logTime": "0308/070657", "correlationVector":"nLp9s2k53GPeYbC3m/bGrZ","action":"Initial GetUpdates", "result":"", "context":Reason: NEWLY_SUPPORTED_DATATYPE. cV=nLp9s2k53GPeYbC3m/bGrZ}
{"logTime": "0308/070657", "correlationVector":"nLp9s2k53GPeYbC3m/bGrZ.1","action":"SyncServerConnectionManagerRequest", "result":"SYNC_SERVER_OK", "context":{"environment":"Prod_southindia_prod-s01-004-apac-southindia", "migrationStage":"NotStarted", "server":"akswtt10200003x"}}
{"logTime": "0308/070657", "correlationVector":"nLp9s2k53GPeYbC3m/bGrZ.2","action":"ProcessGetUpdates", "result":"Done", "context":{"dataType":"Passwords", "deleted":"12", "process_failed_to_decrypt":"0", "process_pending_decryption":"0", "process_success":"15", "total":"15"}}
{"logTime": "0308/070657", "correlationVector":"nLp9s2k53GPeYbC3m/bGrZ.3","action":"GetUpdates Response", "result":"Success", "context":Received 15 update(s). cV=nLp9s2k53GPeYbC3m/bGrZ.0;server=akswtt10200003x;cloudType=Multitenant;environment=Prod_southindia_prod-s01-004-apac-southindia;migrationStage=NotStarted}
{"logTime": "0308/070657", "correlationVector":"W3eGyQTeDOiX0H4m6kl2/e","action":"Normal GetUpdate request", "result":"", "context":cV=W3eGyQTeDOiX0H4m6kl2/e
Nudged types: Sessions, Device Info, History
Refresh requested types: Bookmarks, Preferences, Passwords, Autofill Profiles, Autofill, Sessions, History Delete Directives, Device Info, User Consents, Send Tab To Self, Web Apps, History, Saved Tab Group, WebAuthn Credentials, Collection, Edge E Drop, Edge Hub App Usage, Edge Wallet, Edge Workspace, Encryption Keys}
{"logTime": "0308/070658", "correlationVector":"W3eGyQTeDOiX0H4m6kl2/e.1","action":"SyncServerConnectionManagerRequest", "result":"SYNC_SERVER_OK", "context":{"environment":"Prod_southindia_prod-s01-004-apac-southindia", "migrationStage":"NotStarted", "server":"akswtt10200003x"}}
{"logTime": "0308/070658", "correlationVector":"W3eGyQTeDOiX0H4m6kl2/e.2","action":"ProcessGetUpdates", "result":"Done", "context":{"dataType":"Preferences", "deleted":"0", "process_failed_to_decrypt":"0", "process_pending_decryption":"0", "process_success":"1", "total":"1"}}
{"logTime": "0308/070658", "correlationVector":"W3eGyQTeDOiX0H4m6kl2/e.3","action":"ProcessGetUpdates", "result":"Done", "context":{"dataType":"Sessions", "deleted":"2", "process_failed_to_decrypt":"0", "process_pending_decryption":"0", "process_success":"8", "total":"8"}}
{"logTime": "0308/070658", "correlationVector":"W3eGyQTeDOiX0H4m6kl2/e.4","action":"ProcessGetUpdates", "result":"Done", "context":{"dataType":"Device Info", "deleted":"0", "process_failed_to_decrypt":"0", "process_pending_decryption":"0", "process_success":"2", "total":"2"}}
{"logTime": "0308/070658", "correlationVector":"W3eGyQTeDOiX0H4m6kl2/e.5","action":"ProcessGetUpdates", "result":"Done", "context":{"dataType":"History", "deleted":"0", "process_failed_to_decrypt":"0", "process_pending_decryption":"0", "process_success":"8", "total":"8"}}
{"logTime": "0308/070658", "correlationVector":"W3eGyQTeDOiX0H4m6kl2/e.6","action":"GetUpdates Response", "result":"Success", "context":Received 19 update(s). cV=W3eGyQTeDOiX0H4m6kl2/e.0;server=akswtt10200003x;cloudType=Multitenant;environment=Prod_southindia_prod-s01-004-apac-southindia;migrationStage=NotStarted}
{"logTime": "0308/070658", "correlationVector":"gNrehew+/26ehrEkqcKQ1W","action":"Commit Request", "result":"", "context":Item count: 6
Contributing types: Sessions, Device Info, History}
{"logTime": "0308/070658", "correlationVector":"gNrehew+/26ehrEkqcKQ1W.1","action":"SyncServerConnectionManagerRequest", "result":"SYNC_SERVER_OK", "context":{"environment":"Prod_southindia_prod-s01-004-apac-southindia", "migrationStage":"NotStarted", "server":"akswtt10200003z"}}
{"logTime": "0308/070658", "correlationVector":"gNrehew+/26ehrEkqcKQ1W.2","action":"Commit Response", "result":"Success", "context":Result: Success. cV=gNrehew+/26ehrEkqcKQ1W.0;server=akswtt10200003z;cloudType=Multitenant;environment=Prod_southindia_prod-s01-004-apac-southindia;migrationStage=NotStarted}
{"logTime": "0308/070700", "correlationVector":"JSm6MdEOSvqvag7tn1IzUl","action":"Commit Request", "result":"", "context":Item count: 4
Contributing types: Preferences, Passwords}
{"logTime": "0308/070700", "correlationVector":"JSm6MdEOSvqvag7tn1IzUl.1","action":"SyncServerConnectionManagerRequest", "result":"SYNC_SERVER_OK", "context":{"environment":"Prod_southindia_prod-s01-004-apac-southindia", "migrationStage":"NotStarted", "server":"akswtt10200002z"}}
{"logTime": "0308/070700", "correlationVector":"JSm6MdEOSvqvag7tn1IzUl.2","action":"Commit Response", "result":"Success", "context":Result: Success. cV=JSm6MdEOSvqvag7tn1IzUl.0;server=akswtt10200002z;cloudType=Multitenant;environment=Prod_southindia_prod-s01-004-apac-southindia;migrationStage=NotStarted}
{"logTime": "0308/070716", "correlationVector":"O4s88WbvCoy6pey3RY33w3","action":"Commit Request", "result":"", "context":Item count: 4
Contributing types: Preferences, Sessions, History}
{"logTime": "0308/070716", "correlationVector":"O4s88WbvCoy6pey3RY33w3.1","action":"SyncServerConnectionManagerRequest", "result":"SYNC_SERVER_OK", "context":{"environment":"Prod_southindia_prod-s01-004-apac-southindia", "migrationStage":"NotStarted", "server":"akswtt10200002n"}}
{"logTime": "0308/070716", "correlationVector":"O4s88WbvCoy6pey3RY33w3.2","action":"Commit Response", "result":"Success", "context":Result: Success. cV=O4s88WbvCoy6pey3RY33w3.0;server=akswtt10200002n;cloudType=Multitenant;environment=Prod_southindia_prod-s01-004-apac-southindia;migrationStage=NotStarted}
{"logTime": "0308/070817", "correlationVector":"wq5CyBZEkwFzX9IrxADe5B","action":"Commit Request", "result":"", "context":Item count: 5
Contributing types: Sessions, History}
{"logTime": "0308/070818", "correlationVector":"wq5CyBZEkwFzX9IrxADe5B.1","action":"SyncServerConnectionManagerRequest", "result":"SYNC_SERVER_OK", "context":{"environment":"Prod_southindia_prod-s01-004-apac-southindia", "migrationStage":"NotStarted", "server":"akswtt102000035"}}
{"logTime": "0308/070818", "correlationVector":"wq5CyBZEkwFzX9IrxADe5B.2","action":"Commit Response", "result":"Success", "context":Result: Success. cV=wq5CyBZEkwFzX9IrxADe5B.0;server=akswtt102000035;cloudType=Multitenant;environment=Prod_southindia_prod-s01-004-apac-southindia;migrationStage=NotStarted}
{"logTime": "0308/071012", "correlationVector":"wB8xprek2KfVYy+B9HXUCw","action":"Commit Request", "result":"", "context":Item count: 7
Contributing types: Sessions, History}
{"logTime": "0308/071012", "correlationVector":"wB8xprek2KfVYy+B9HXUCw.1","action":"SyncServerConnectionManagerRequest", "result":"SYNC_SERVER_OK", "context":{"environment":"Prod_southindia_prod-s01-004-apac-southindia", "migrationStage":"NotStarted", "server":"akswtt102000035"}}
{"logTime": "0308/071012", "correlationVector":"wB8xprek2KfVYy+B9HXUCw.2","action":"Commit Response", "result":"Success", "context":Result: Success. cV=wB8xprek2KfVYy+B9HXUCw.0;server=akswtt102000035;cloudType=Multitenant;environment=Prod_southindia_prod-s01-004-apac-southindia;migrationStage=NotStarted}
{"logTime": "0308/071114", "correlationVector":"16AImu7LcWsEyTX3Yhs3Hy","action":"Commit Request", "result":"", "context":Item count: 9
Contributing types: Sessions, History}
{"logTime": "0308/071114", "correlationVector":"16AImu7LcWsEyTX3Yhs3Hy.1","action":"SyncServerConnectionManagerRequest", "result":"SYNC_SERVER_OK", "context":{"environment":"Prod_southindia_prod-s01-004-apac-southindia", "migrationStage":"NotStarted", "server":"akswtt10200003z"}}
{"logTime": "0308/071114", "correlationVector":"16AImu7LcWsEyTX3Yhs3Hy.2","action":"Commit Response", "result":"Success", "context":Result: Success. cV=16AImu7LcWsEyTX3Yhs3Hy.0;server=akswtt10200003z;cloudType=Multitenant;environment=Prod_southindia_prod-s01-004-apac-southindia;migrationStage=NotStarted}
{"logTime": "0308/072721", "correlationVector":"wOEL0LuN3/7CRodALywIxC","action":"Commit Request", "result":"", "context":Item count: 16
Contributing types: Sessions, History}
{"logTime": "0308/072722", "correlationVector":"wOEL0LuN3/7CRodALywIxC.1","action":"SyncServerConnectionManagerRequest", "result":"SYNC_SERVER_OK", "context":{"environment":"Prod_southindia_prod-s01-004-apac-southindia", "migrationStage":"NotStarted", "server":"akswtt10200002i"}}
{"logTime": "0308/072722", "correlationVector":"wOEL0LuN3/7CRodALywIxC.2","action":"Commit Response", "result":"Success", "context":Result: Success. cV=wOEL0LuN3/7CRodALywIxC.0;server=akswtt10200002i;cloudType=Multitenant;environment=Prod_southindia_prod-s01-004-apac-southindia;migrationStage=NotStarted}
{"logTime": "0308/072723", "correlationVector":"bzabSh8Se/BVn2+TSQSXm2","action":"Normal GetUpdate request", "result":"", "context":cV=bzabSh8Se/BVn2+TSQSXm2
Notified types: Device Info, History}
{"logTime": "0308/072724", "correlationVector":"bzabSh8Se/BVn2+TSQSXm2.1","action":"SyncServerConnectionManagerRequest", "result":"SYNC_SERVER_OK", "context":{"environment":"Prod_southindia_prod-s01-004-apac-southindia", "migrationStage":"NotStarted", "server":"akswtt10200004k"}}
{"logTime": "0308/072724", "correlationVector":"bzabSh8Se/BVn2+TSQSXm2.2","action":"ProcessGetUpdates", "result":"Done", "context":{"dataType":"Preferences", "deleted":"0", "process_failed_to_decrypt":"0", "process_pending_decryption":"0", "process_success":"2", "total":"2"}}
{"logTime": "0308/072724", "correlationVector":"bzabSh8Se/BVn2+TSQSXm2.3","action":"ProcessGetUpdates", "result":"Done", "context":{"dataType":"Passwords", "deleted":"0", "process_failed_to_decrypt":"0", "process_pending_decryption":"0", "process_success":"3", "total":"3"}}
{"logTime": "0308/072724", "correlationVector":"bzabSh8Se/BVn2+TSQSXm2.4","action":"ProcessGetUpdates", "result":"Done", "context":{"dataType":"Sessions", "deleted":"0", "process_failed_to_decrypt":"0", "process_pending_decryption":"0", "process_success":"4", "total":"4"}}
{"logTime": "0308/072724", "correlationVector":"bzabSh8Se/BVn2+TSQSXm2.5","action":"ProcessGetUpdates", "result":"Done", "context":{"dataType":"Device Info", "deleted":"0", "process_failed_to_decrypt":"0", "process_pending_decryption":"0", "process_success":"2", "total":"2"}}
{"logTime": "0308/072724", "correlationVector":"bzabSh8Se/BVn2+TSQSXm2.6","action":"ProcessGetUpdates", "result":"Done", "context":{"dataType":"History", "deleted":"0", "process_failed_to_decrypt":"0", "process_pending_decryption":"0", "process_success":"36", "total":"36"}}
{"logTime": "0308/072724", "correlationVector":"bzabSh8Se/BVn2+TSQSXm2.7","action":"GetUpdates Response", "result":"Success", "context":Received 47 update(s). cV=bzabSh8Se/BVn2+TSQSXm2.0;server=akswtt10200004k;cloudType=Multitenant;environment=Prod_southindia_prod-s01-004-apac-southindia;migrationStage=NotStarted}
{"logTime": "0308/072724", "correlationVector":"lzQj2z92D6ImubzvZA7fiD","action":"DoCompareDataConsistency requsted types: ", "result":"Bookmarks, Preferences, Passwords, History Delete Directives, Send Tab To Self, Web Apps, History, Saved Tab Group, WebAuthn Credentials, Collection, Edge E Drop, Edge Wallet, Edge Workspace, Encryption Keys"}
{"logTime": "0308/072724", "correlationVector":"lzQj2z92D6ImubzvZA7fiD.0","action":"CompareDataConsistency result: ", "result":"Compare result: Encryption Keys is consistent. local entities count is: 1 local entities hash is: C1CS5I7yHlkNgNZXzIwlQP4YXDs="}
{"logTime": "0308/072724", "correlationVector":"lzQj2z92D6ImubzvZA7fiD.1","action":"CompareDataConsistency result: ", "result":"Compare result: Bookmarks is consistent. local entities count is: 27 local entities hash is: KmV+8Jwyr5GZMOS6WgRvtxTHRL8="}
{"logTime": "0308/072724", "correlationVector":"lzQj2z92D6ImubzvZA7fiD.2","action":"CompareDataConsistency result: ", "result":"Compare result: Preferences is consistent. local entities count is: 62 local entities hash is: v2H72uqfwnh9ogflgRXXRkCG+pM="}
{"logTime": "0308/072724", "correlationVector":"lzQj2z92D6ImubzvZA7fiD.3","action":"CompareDataConsistency result: ", "result":"Compare result: Passwords is consistent. local entities count is: 3 local entities hash is: tsSqMwOvUkWUmoo2WNcg5D1xUOE="}
{"logTime": "0308/072724", "correlationVector":"lzQj2z92D6ImubzvZA7fiD.4","action":"CompareDataConsistency result: ", "result":"Compare result: History Delete Directives is inconsistent. server entities count is: 1 server entities hash is: Hq37EyS3c+IcQVdx5S+YRjbeUhU= local entities count is: 0 local entities hash is: "}
{"logTime": "0308/072724", "correlationVector":"lzQj2z92D6ImubzvZA7fiD.5","action":"CompareDataConsistency result: ", "result":"Server did not send this Send Tab To Self local entities count is: 0 local entities hash is: "}
{"logTime": "0308/072724", "correlationVector":"lzQj2z92D6ImubzvZA7fiD.6","action":"CompareDataConsistency result: ", "result":"Compare result: Web Apps is consistent. local entities count is: 0 local entities hash is: "}
{"logTime": "0308/072724", "correlationVector":"lzQj2z92D6ImubzvZA7fiD.7","action":"CompareDataConsistency result: ", "result":"Server did not send this History local entities count is: 0 local entities hash is: "}
{"logTime": "0308/072724", "correlationVector":"lzQj2z92D6ImubzvZA7fiD.8","action":"CompareDataConsistency result: ", "result":"Compare result: Saved Tab Group is consistent. local entities count is: 0 local entities hash is: "}
{"logTime": "0308/072724", "correlationVector":"lzQj2z92D6ImubzvZA7fiD.9","action":"CompareDataConsistency result: ", "result":"Server did not send this WebAuthn Credentials local entities count is: 0 local entities hash is: "}
{"logTime": "0308/072724", "correlationVector":"lzQj2z92D6ImubzvZA7fiD.10","action":"CompareDataConsistency result: ", "result":"Compare result: Collection is consistent. local entities count is: 0 local entities hash is: "}
{"logTime": "0308/072724", "correlationVector":"lzQj2z92D6ImubzvZA7fiD.11","action":"CompareDataConsistency result: ", "result":"Compare result: Edge E Drop is consistent. local entities count is: 0 local entities hash is: "}
{"logTime": "0308/072724", "correlationVector":"lzQj2z92D6ImubzvZA7fiD.12","action":"CompareDataConsistency result: ", "result":"Compare result: Edge Wallet is consistent. local entities count is: 0 local entities hash is: "}
{"logTime": "0308/072724", "correlationVector":"lzQj2z92D6ImubzvZA7fiD.13","action":"CompareDataConsistency result: ", "result":"Server did not send this Edge Workspace local entities count is: 0 local entities hash is: "}
{"logTime": "0308/072724", "correlationVector":"","action":"DIAGNOSTIC_REQUEST|v1/diagnosticData/Diagnostic.SendCheckResult()|SUCCESS", "result":""}
{"logTime": "0308/072724", "correlationVector":"F7HT8pSrJMzNOlrb6B6LMW","action":"Normal GetUpdate request", "result":"", "context":cV=F7HT8pSrJMzNOlrb6B6LMW
Notified types: Device Info}
{"logTime": "0308/072724", "correlationVector":"F7HT8pSrJMzNOlrb6B6LMW.1","action":"SyncServerConnectionManagerRequest", "result":"SYNC_SERVER_OK", "context":{"environment":"Prod_southindia_prod-s01-004-apac-southindia", "migrationStage":"NotStarted", "server":"akswtt102000049"}}
{"logTime": "0308/072724", "correlationVector":"F7HT8pSrJMzNOlrb6B6LMW.2","action":"GetUpdates Response", "result":"Success", "context":Received 0 update(s). cV=F7HT8pSrJMzNOlrb6B6LMW.0;server=akswtt102000049;cloudType=Multitenant;environment=Prod_southindia_prod-s01-004-apac-southindia;migrationStage=NotStarted}
{"logTime": "0308/072744", "correlationVector":"g4bwovE5IRyDUvtg0ZAlcs","action":"Commit Request", "result":"", "context":Item count: 5
Contributing types: Preferences, Sessions, History}
{"logTime": "0308/072744", "correlationVector":"g4bwovE5IRyDUvtg0ZAlcs.1","action":"SyncServerConnectionManagerRequest", "result":"SYNC_AUTH_ERROR", "context":{"environment":"Prod_southindia_prod-s01-004-apac-southindia", "migrationStage":"NotStarted", "server":"akswtt10200003x"}}
{"logTime": "0308/072744", "correlationVector":"g4bwovE5IRyDUvtg0ZAlcs.2","action":"Commit Response", "result":"HTTP error (401)", "context":Result: HTTP error (401). cV=g4bwovE5IRyDUvtg0ZAlcs.0;server=akswtt10200003x;cloudType=Undetermined;environment=Prod_southindia_prod-s01-004-apac-southindia;migrationStage=NotStarted}
{"logTime": "0308/072744", "correlationVector":"xWftZtltJ4WZdxx2PpVuCj","action":"Commit Request", "result":"", "context":Item count: 5
Contributing types: Preferences, Sessions, History}
{"logTime": "0308/072744", "correlationVector":"xWftZtltJ4WZdxx2PpVuCj.1","action":"SyncServerConnectionManagerRequest", "result":"SYNC_SERVER_OK", "context":{"environment":"Prod_southindia_prod-s01-004-apac-southindia", "migrationStage":"NotStarted", "server":"akswtt10200003r"}}
{"logTime": "0308/072744", "correlationVector":"xWftZtltJ4WZdxx2PpVuCj.2","action":"Commit Response", "result":"Success", "context":Result: Success. cV=xWftZtltJ4WZdxx2PpVuCj.0;server=akswtt10200003r;cloudType=Multitenant;environment=Prod_southindia_prod-s01-004-apac-southindia;migrationStage=NotStarted}
{"logTime": "0308/072747", "correlationVector":"VrucSJ72BqPs0AglsAZoVO","action":"Commit Request", "result":"", "context":Item count: 1
Contributing types: Preferences}
{"logTime": "0308/072748", "correlationVector":"VrucSJ72BqPs0AglsAZoVO.1","action":"SyncServerConnectionManagerRequest", "result":"SYNC_SERVER_OK", "context":{"environment":"Prod_southindia_prod-s01-004-apac-southindia", "migrationStage":"NotStarted", "server":"akswtt10200002s"}}
{"logTime": "0308/072748", "correlationVector":"VrucSJ72BqPs0AglsAZoVO.2","action":"Commit Response", "result":"Success", "context":Result: Success. cV=VrucSJ72BqPs0AglsAZoVO.0;server=akswtt10200002s;cloudType=Multitenant;environment=Prod_southindia_prod-s01-004-apac-southindia;migrationStage=NotStarted}
{"logTime": "0308/072750", "correlationVector":"GymOv8RMt2z1AhHQUBpRVZ","action":"Normal GetUpdate request", "result":"", "context":cV=GymOv8RMt2z1AhHQUBpRVZ
Nudged types: Preferences
Notified types: Device Info}
{"logTime": "0308/072750", "correlationVector":"GymOv8RMt2z1AhHQUBpRVZ.1","action":"SyncServerConnectionManagerRequest", "result":"SYNC_SERVER_OK", "context":{"environment":"Prod_southindia_prod-s01-004-apac-southindia", "migrationStage":"NotStarted", "server":"akswtt10200002i"}}
{"logTime": "0308/072750", "correlationVector":"GymOv8RMt2z1AhHQUBpRVZ.2","action":"ProcessGetUpdates", "result":"Done", "context":{"dataType":"Preferences", "deleted":"0", "process_failed_to_decrypt":"0", "process_pending_decryption":"0", "process_success":"1", "total":"1"}}
{"logTime": "0308/072750", "correlationVector":"GymOv8RMt2z1AhHQUBpRVZ.3","action":"ProcessGetUpdates", "result":"Done", "context":{"dataType":"Sessions", "deleted":"0", "process_failed_to_decrypt":"0", "process_pending_decryption":"0", "process_success":"1", "total":"1"}}
{"logTime": "0308/072750", "correlationVector":"GymOv8RMt2z1AhHQUBpRVZ.4","action":"ProcessGetUpdates", "result":"Done", "context":{"dataType":"Device Info", "deleted":"0", "process_failed_to_decrypt":"0", "process_pending_decryption":"0", "process_success":"1", "total":"1"}}
{"logTime": "0308/072750", "correlationVector":"GymOv8RMt2z1AhHQUBpRVZ.5","action":"ProcessGetUpdates", "result":"Done", "context":{"dataType":"History", "deleted":"0", "process_failed_to_decrypt":"0", "process_pending_decryption":"0", "process_success":"3", "total":"3"}}
{"logTime": "0308/072750", "correlationVector":"GymOv8RMt2z1AhHQUBpRVZ.6","action":"GetUpdates Response", "result":"Success", "context":Received 6 update(s). cV=GymOv8RMt2z1AhHQUBpRVZ.0;server=akswtt10200002i;cloudType=Multitenant;environment=Prod_southindia_prod-s01-004-apac-southindia;migrationStage=NotStarted}
{"logTime": "0308/072750", "correlationVector":"PHXCRVbUjQiijiMQy4m4YT","action":"Commit Request", "result":"", "context":Item count: 1
Contributing types: Preferences}
{"logTime": "0308/072750", "correlationVector":"PHXCRVbUjQiijiMQy4m4YT.1","action":"SyncServerConnectionManagerRequest", "result":"SYNC_SERVER_OK", "context":{"environment":"Prod_southindia_prod-s01-004-apac-southindia", "migrationStage":"NotStarted", "server":"akswtt102000035"}}
{"logTime": "0308/072750", "correlationVector":"PHXCRVbUjQiijiMQy4m4YT.2","action":"Commit Response", "result":"Success", "context":Result: Success. cV=PHXCRVbUjQiijiMQy4m4YT.0;server=akswtt102000035;cloudType=Multitenant;environment=Prod_southindia_prod-s01-004-apac-southindia;migrationStage=NotStarted}
